2022-11-01 15:16:24,362 INFO o.a.j.u.JMeterUtils: Setting Locale to en_EN
2022-11-01 15:16:24,429 INFO o.a.j.JMeter: Loading user properties from: /home/andrey/Desktop/apache-jmeter-5.3/bin/user.properties
2022-11-01 15:16:24,429 INFO o.a.j.JMeter: Loading system properties from: /home/andrey/Desktop/apache-jmeter-5.3/bin/system.properties
2022-11-01 15:16:24,431 INFO o.a.j.JMeter: Copyright (c) 1998-2020 The Apache Software Foundation
2022-11-01 15:16:24,432 INFO o.a.j.JMeter: Version 5.3
2022-11-01 15:16:24,432 INFO o.a.j.JMeter: java.version=17.0.4
2022-11-01 15:16:24,432 INFO o.a.j.JMeter: java.vm.name=OpenJDK 64-Bit Server VM
2022-11-01 15:16:24,432 INFO o.a.j.JMeter: os.name=Linux
2022-11-01 15:16:24,433 INFO o.a.j.JMeter: os.arch=amd64
2022-11-01 15:16:24,433 INFO o.a.j.JMeter: os.version=5.15.0-52-generic
2022-11-01 15:16:24,433 INFO o.a.j.JMeter: file.encoding=UTF-8
2022-11-01 15:16:24,433 INFO o.a.j.JMeter: java.awt.headless=null
2022-11-01 15:16:24,434 INFO o.a.j.JMeter: Max memory     =1073741824
2022-11-01 15:16:24,434 INFO o.a.j.JMeter: Available Processors =4
2022-11-01 15:16:24,466 INFO o.a.j.JMeter: Default Locale=English (EN)
2022-11-01 15:16:24,467 INFO o.a.j.JMeter: JMeter  Locale=English (EN)
2022-11-01 15:16:24,468 INFO o.a.j.JMeter: JMeterHome=/home/andrey/Desktop/apache-jmeter-5.3
2022-11-01 15:16:24,469 INFO o.a.j.JMeter: user.dir  =/home/andrey/Desktop/Estudos/curso-k6-basico/api
2022-11-01 15:16:24,469 INFO o.a.j.JMeter: PWD       =/home/andrey/Desktop/Estudos/curso-k6-basico/api
2022-11-01 15:16:24,470 INFO o.a.j.JMeter: IP: 127.0.1.1 Name: andrey-Inspiron-15-3567 FullName: andrey-Inspiron-15-3567
2022-11-01 15:16:25,009 INFO o.a.j.JMeter: Setting LAF to: laf:com.sun.java.swing.plaf.gtk.GTKLookAndFeel
2022-11-01 15:16:27,250 INFO o.a.j.JMeter: Loaded icon properties from org/apache/jmeter/images/icon.properties
2022-11-01 15:16:30,050 INFO o.j.r.JARSourceHTTP: Requesting https://jmeter-plugins.org/repo/?installID=linux-9165acdd27468c74d46a375e99b721ff-gui
2022-11-01 15:16:34,036 INFO o.j.r.PluginManager: Plugins Status: [jpgc-graphs-basic=2.0, jpgc-graphs-additional=2.0, jpgc-mergeresults=2.1, jpgc-plugins-manager=1.6, jmeter-prometheus=0.6.0, jmeter-core=5.3, jmeter-ftp=5.3, jmeter-http=5.3, jmeter-jdbc=5.3, jmeter-jms=5.3, jmeter-junit=5.3, jmeter-java=5.3, jmeter-ldap=5.3, jmeter-mail=5.3, jmeter-mongodb=5.3, jmeter-native=5.3, jmeter-tcp=5.3, jmeter-components=5.3]
2022-11-01 15:16:34,038 INFO o.j.r.PluginManagerMenuItem: Plugins Manager has upgrades: [jpgc-plugins-manager]
2022-11-01 15:17:00,063 INFO o.a.j.p.h.s.HTTPSamplerBase: Parser for text/html is org.apache.jmeter.protocol.http.parser.LagartoBasedHtmlParser
2022-11-01 15:17:00,064 INFO o.a.j.p.h.s.HTTPSamplerBase: Parser for application/xhtml+xml is org.apache.jmeter.protocol.http.parser.LagartoBasedHtmlParser
2022-11-01 15:17:00,065 INFO o.a.j.p.h.s.HTTPSamplerBase: Parser for application/xml is org.apache.jmeter.protocol.http.parser.LagartoBasedHtmlParser
2022-11-01 15:17:00,065 INFO o.a.j.p.h.s.HTTPSamplerBase: Parser for text/xml is org.apache.jmeter.protocol.http.parser.LagartoBasedHtmlParser
2022-11-01 15:17:00,065 INFO o.a.j.p.h.s.HTTPSamplerBase: Parser for text/vnd.wap.wml is org.apache.jmeter.protocol.http.parser.RegexpHTMLParser
2022-11-01 15:17:00,066 INFO o.a.j.p.h.s.HTTPSamplerBase: Parser for text/css is org.apache.jmeter.protocol.http.parser.CssParser
2022-11-01 15:18:43,009 INFO o.a.j.s.FileServer: Default base='/home/andrey/Desktop/Estudos/curso-k6-basico/api'
2022-11-01 15:18:43,010 INFO o.a.j.s.FileServer: Set new base='/home/andrey/Desktop/Estudos'
2022-11-01 15:18:43,309 INFO o.a.j.s.SaveService: Testplan (JMX) version: 2.2. Testlog (JTL) version: 2.2
2022-11-01 15:18:43,335 INFO o.a.j.s.SaveService: Using SaveService properties version 5.0
2022-11-01 15:18:43,338 INFO o.a.j.s.SaveService: Using SaveService properties file encoding UTF-8
2022-11-01 15:18:51,394 INFO o.a.j.s.SampleResult: Note: Sample TimeStamps are START times
2022-11-01 15:18:51,394 INFO o.a.j.s.SampleResult: sampleresult.default.encoding is set to ISO-8859-1
2022-11-01 15:18:51,395 INFO o.a.j.s.SampleResult: sampleresult.useNanoTime=true
2022-11-01 15:18:51,395 INFO o.a.j.s.SampleResult: sampleresult.nanoThreadSleep=5000
2022-11-01 15:18:51,678 INFO o.a.j.v.ViewResultsFullVisualizer: Add JavaFX to your Java installation if you want to use renderer: org.apache.jmeter.visualizers.RenderInBrowser
2022-11-01 15:18:53,250 INFO o.a.j.e.StandardJMeterEngine: Running the test!
2022-11-01 15:18:53,251 INFO o.a.j.s.SampleEvent: List of sample_variables: []
2022-11-01 15:18:53,252 INFO o.a.j.s.SampleEvent: List of sample_variables: []
2022-11-01 15:18:53,253 INFO o.a.j.e.u.CompoundVariable: Note: Function class names must contain the string: '.functions.'
2022-11-01 15:18:53,254 INFO o.a.j.e.u.CompoundVariable: Note: Function class names must not contain the string: '.gui.'
2022-11-01 15:18:53,293 INFO o.a.j.g.u.JMeterMenuBar: setRunning(true, *local*)
2022-11-01 15:18:53,318 INFO o.a.j.e.StandardJMeterEngine: Starting ThreadGroup: 1 : Thread Group
2022-11-01 15:18:53,319 INFO o.a.j.e.StandardJMeterEngine: Starting 1 threads for group Thread Group.
2022-11-01 15:18:53,319 INFO o.a.j.e.StandardJMeterEngine: Thread will continue on error
2022-11-01 15:18:53,319 INFO o.a.j.t.ThreadGroup: Starting thread group... number=1 threads=1 ramp-up=1 delayedStart=false
2022-11-01 15:18:53,323 INFO o.a.j.t.ThreadGroup: Started thread group number 1
2022-11-01 15:18:53,323 INFO o.a.j.e.StandardJMeterEngine: All thread groups have been started
2022-11-01 15:18:53,325 INFO o.a.j.t.JMeterThread: Thread started: Thread Group 1-1
2022-11-01 15:18:53,339 INFO o.a.j.p.h.s.HTTPHCAbstractImpl: Local host = andrey-Inspiron-15-3567
2022-11-01 15:18:53,348 INFO o.a.j.p.h.s.HTTPHC4Impl: HTTP request retry count = 0
2022-11-01 15:18:53,694 INFO o.a.j.t.JMeterThread: Thread is done: Thread Group 1-1
2022-11-01 15:18:53,694 INFO o.a.j.t.JMeterThread: Thread finished: Thread Group 1-1
2022-11-01 15:18:53,697 INFO o.a.j.e.StandardJMeterEngine: Notifying test listeners of end of test
2022-11-01 15:18:53,697 INFO o.a.j.g.u.JMeterMenuBar: setRunning(false, *local*)
2022-11-01 15:25:44,577 INFO o.a.j.e.StandardJMeterEngine: Running the test!
2022-11-01 15:25:44,584 INFO o.a.j.s.SampleEvent: List of sample_variables: []
2022-11-01 15:25:44,591 INFO o.a.j.g.u.JMeterMenuBar: setRunning(true, *local*)
2022-11-01 15:25:44,817 INFO o.a.j.e.StandardJMeterEngine: Starting ThreadGroup: 1 : Thread Group
2022-11-01 15:25:44,817 INFO o.a.j.e.StandardJMeterEngine: Starting 1 threads for group Thread Group.
2022-11-01 15:25:44,817 INFO o.a.j.e.StandardJMeterEngine: Thread will continue on error
2022-11-01 15:25:44,817 INFO o.a.j.t.ThreadGroup: Starting thread group... number=1 threads=1 ramp-up=1 delayedStart=false
2022-11-01 15:25:44,824 INFO o.a.j.t.ThreadGroup: Started thread group number 1
2022-11-01 15:25:44,824 INFO o.a.j.e.StandardJMeterEngine: All thread groups have been started
2022-11-01 15:25:44,825 INFO o.a.j.t.JMeterThread: Thread started: Thread Group 1-1
2022-11-01 15:25:45,207 INFO o.a.j.t.JMeterThread: Thread is done: Thread Group 1-1
2022-11-01 15:25:45,207 INFO o.a.j.t.JMeterThread: Thread finished: Thread Group 1-1
2022-11-01 15:25:45,208 INFO o.a.j.e.StandardJMeterEngine: Notifying test listeners of end of test
2022-11-01 15:25:45,208 INFO o.a.j.g.u.JMeterMenuBar: setRunning(false, *local*)
2022-11-01 15:29:37,888 INFO o.a.j.e.StandardJMeterEngine: Running the test!
2022-11-01 15:29:37,889 INFO o.a.j.s.SampleEvent: List of sample_variables: []
2022-11-01 15:29:37,890 INFO o.a.j.g.u.JMeterMenuBar: setRunning(true, *local*)
2022-11-01 15:29:37,892 INFO o.a.j.e.StandardJMeterEngine: Starting ThreadGroup: 1 : Thread Group
2022-11-01 15:29:37,901 INFO o.a.j.e.StandardJMeterEngine: Starting 1 threads for group Thread Group.
2022-11-01 15:29:37,901 INFO o.a.j.e.StandardJMeterEngine: Thread will continue on error
2022-11-01 15:29:37,901 INFO o.a.j.t.ThreadGroup: Starting thread group... number=1 threads=1 ramp-up=1 delayedStart=false
2022-11-01 15:29:37,910 INFO o.a.j.t.ThreadGroup: Started thread group number 1
2022-11-01 15:29:37,910 INFO o.a.j.e.StandardJMeterEngine: All thread groups have been started
2022-11-01 15:29:37,913 INFO o.a.j.t.JMeterThread: Thread started: Thread Group 1-1
2022-11-01 15:29:38,284 INFO o.a.j.t.JMeterThread: Thread is done: Thread Group 1-1
2022-11-01 15:29:38,284 INFO o.a.j.t.JMeterThread: Thread finished: Thread Group 1-1
2022-11-01 15:29:38,285 INFO o.a.j.e.StandardJMeterEngine: Notifying test listeners of end of test
2022-11-01 15:29:38,285 INFO o.a.j.g.u.JMeterMenuBar: setRunning(false, *local*)
2022-11-01 15:32:44,330 INFO o.a.j.e.StandardJMeterEngine: Running the test!
2022-11-01 15:32:44,330 INFO o.a.j.s.SampleEvent: List of sample_variables: []
2022-11-01 15:32:44,333 INFO o.a.j.g.u.JMeterMenuBar: setRunning(true, *local*)
2022-11-01 15:32:44,449 INFO o.a.j.e.StandardJMeterEngine: Starting ThreadGroup: 1 : Thread Group
2022-11-01 15:32:44,449 INFO o.a.j.e.StandardJMeterEngine: Starting 1 threads for group Thread Group.
2022-11-01 15:32:44,449 INFO o.a.j.e.StandardJMeterEngine: Thread will continue on error
2022-11-01 15:32:44,449 INFO o.a.j.t.ThreadGroup: Starting thread group... number=1 threads=1 ramp-up=1 delayedStart=false
2022-11-01 15:32:44,452 INFO o.a.j.t.ThreadGroup: Started thread group number 1
2022-11-01 15:32:44,452 INFO o.a.j.e.StandardJMeterEngine: All thread groups have been started
2022-11-01 15:32:44,453 INFO o.a.j.t.JMeterThread: Thread started: Thread Group 1-1
2022-11-01 15:32:44,851 INFO o.a.j.t.JMeterThread: Thread is done: Thread Group 1-1
2022-11-01 15:32:44,851 INFO o.a.j.t.JMeterThread: Thread finished: Thread Group 1-1
2022-11-01 15:32:44,851 INFO o.a.j.e.StandardJMeterEngine: Notifying test listeners of end of test
2022-11-01 15:32:44,851 INFO o.a.j.g.u.JMeterMenuBar: setRunning(false, *local*)
